[2024-06-03 09:29:29] local.ERROR: Class "Illuminate\Foundation\Support\Providers\RouteServiceProvider" not found {"exception":"[object] (Error(code: 0): Class \"Illuminate\\Foundation\\Support\\Providers\\RouteServiceProvider\" not found at C:\\Users\\Sahin\\Desktop\\InventoryMS\\app\\Providers\\RouteServiceProvider.php:8)
[stacktrace]
#0 C:\\Users\\Sahin\\Desktop\\InventoryMS\\vendor\\composer\\ClassLoader.php(576): include()
#1 C:\\Users\\Sahin\\Desktop\\InventoryMS\\vendor\\composer\\ClassLoader.php(427): Composer\\Autoload\\{closure}('C:\\\\Users\\\\Sahin\\\\...')
#2 C:\\Users\\Sahin\\Desktop\\InventoryMS\\vendor\\laravel\\framework\\src\\Illuminate\\Foundation\\Application.php(745): Composer\\Autoload\\ClassLoader->loadClass('App\\\\Providers\\\\R...')
#3 C:\\Users\\Sahin\\Desktop\\InventoryMS\\vendor\\laravel\\framework\\src\\Illuminate\\Foundation\\Application.php(679): Illuminate\\Foundation\\Application->resolveProvider('App\\\\Providers\\\\R...')
#4 C:\\Users\\Sahin\\Desktop\\InventoryMS\\vendor\\laravel\\framework\\src\\Illuminate\\Foundation\\ProviderRepository.php(75): Illuminate\\Foundation\\Application->register('App\\\\Providers\\\\R...')
#5 C:\\Users\\Sahin\\Desktop\\InventoryMS\\vendor\\laravel\\framework\\src\\Illuminate\\Foundation\\Application.php(659): Illuminate\\Foundation\\ProviderRepository->load(Array)
#6 C:\\Users\\Sahin\\Desktop\\InventoryMS\\vendor\\laravel\\framework\\src\\Illuminate\\Foundation\\Bootstrap\\RegisterProviders.php(17): Illuminate\\Foundation\\Application->registerConfiguredProviders()
#7 C:\\Users\\Sahin\\Desktop\\InventoryMS\\vendor\\laravel\\framework\\src\\Illuminate\\Foundation\\Application.php(237): Illuminate\\Foundation\\Bootstrap\\RegisterProviders->bootstrap(Object(Illuminate\\Foundation\\Application))
#8 C:\\Users\\Sahin\\Desktop\\InventoryMS\\vendor\\laravel\\framework\\src\\Illuminate\\Foundation\\Console\\Kernel.php(310): Illuminate\\Foundation\\Application->bootstrapWith(Array)
#9 C:\\Users\\Sahin\\Desktop\\InventoryMS\\vendor\\laravel\\framework\\src\\Illuminate\\Foundation\\Console\\Kernel.php(127): Illuminate\\Foundation\\Console\\Kernel->bootstrap()
#10 Command line code(1): Illuminate\\Foundation\\Console\\Kernel->handle(Object(Symfony\\Component\\Console\\Input\\ArgvInput), Object(Symfony\\Component\\Console\\Output\\ConsoleOutput))
#11 {main}
"} 
[2024-06-03 09:29:29] local.ERROR: Class "Illuminate\Foundation\Support\Providers\RouteServiceProvider" not found {"exception":"[object] (Error(code: 0): Class \"Illuminate\\Foundation\\Support\\Providers\\RouteServiceProvider\" not found at C:\\Users\\Sahin\\Desktop\\InventoryMS\\app\\Providers\\RouteServiceProvider.php:8)
[stacktrace]
#0 C:\\Users\\Sahin\\Desktop\\InventoryMS\\vendor\\composer\\ClassLoader.php(576): include()
#1 C:\\Users\\Sahin\\Desktop\\InventoryMS\\vendor\\composer\\ClassLoader.php(427): Composer\\Autoload\\{closure}('C:\\\\Users\\\\Sahin\\\\...')
#2 C:\\Users\\Sahin\\Desktop\\InventoryMS\\vendor\\laravel\\framework\\src\\Illuminate\\Foundation\\Application.php(745): Composer\\Autoload\\ClassLoader->loadClass('App\\\\Providers\\\\R...')
#3 C:\\Users\\Sahin\\Desktop\\InventoryMS\\vendor\\laravel\\framework\\src\\Illuminate\\Foundation\\Application.php(679): Illuminate\\Foundation\\Application->resolveProvider('App\\\\Providers\\\\R...')
#4 C:\\Users\\Sahin\\Desktop\\InventoryMS\\vendor\\laravel\\framework\\src\\Illuminate\\Foundation\\ProviderRepository.php(75): Illuminate\\Foundation\\Application->register('App\\\\Providers\\\\R...')
#5 C:\\Users\\Sahin\\Desktop\\InventoryMS\\vendor\\laravel\\framework\\src\\Illuminate\\Foundation\\Application.php(659): Illuminate\\Foundation\\ProviderRepository->load(Array)
#6 C:\\Users\\Sahin\\Desktop\\InventoryMS\\vendor\\laravel\\framework\\src\\Illuminate\\Foundation\\Bootstrap\\RegisterProviders.php(17): Illuminate\\Foundation\\Application->registerConfiguredProviders()
#7 C:\\Users\\Sahin\\Desktop\\InventoryMS\\vendor\\laravel\\framework\\src\\Illuminate\\Foundation\\Application.php(237): Illuminate\\Foundation\\Bootstrap\\RegisterProviders->bootstrap(Object(Illuminate\\Foundation\\Application))
#8 C:\\Users\\Sahin\\Desktop\\InventoryMS\\vendor\\laravel\\framework\\src\\Illuminate\\Foundation\\Console\\Kernel.php(310): Illuminate\\Foundation\\Application->bootstrapWith(Array)
#9 C:\\Users\\Sahin\\Desktop\\InventoryMS\\vendor\\laravel\\framework\\src\\Illuminate\\Foundation\\Console\\Kernel.php(127): Illuminate\\Foundation\\Console\\Kernel->bootstrap()
#10 Command line code(1): Illuminate\\Foundation\\Console\\Kernel->handle(Object(Symfony\\Component\\Console\\Input\\ArgvInput), Object(Symfony\\Component\\Console\\Output\\ConsoleOutput))
#11 {main}
"} 
[2024-06-03 09:29:29] local.ERROR: Class "Illuminate\Foundation\Support\Providers\RouteServiceProvider" not found {"exception":"[object] (Error(code: 0): Class \"Illuminate\\Foundation\\Support\\Providers\\RouteServiceProvider\" not found at C:\\Users\\Sahin\\Desktop\\InventoryMS\\app\\Providers\\RouteServiceProvider.php:8)
[stacktrace]
#0 C:\\Users\\Sahin\\Desktop\\InventoryMS\\vendor\\composer\\ClassLoader.php(576): include()
#1 C:\\Users\\Sahin\\Desktop\\InventoryMS\\vendor\\composer\\ClassLoader.php(427): Composer\\Autoload\\{closure}('C:\\\\Users\\\\Sahin\\\\...')
#2 C:\\Users\\Sahin\\Desktop\\InventoryMS\\vendor\\laravel\\framework\\src\\Illuminate\\Foundation\\Application.php(745): Composer\\Autoload\\ClassLoader->loadClass('App\\\\Providers\\\\R...')
#3 C:\\Users\\Sahin\\Desktop\\InventoryMS\\vendor\\laravel\\framework\\src\\Illuminate\\Foundation\\Application.php(679): Illuminate\\Foundation\\Application->resolveProvider('App\\\\Providers\\\\R...')
#4 C:\\Users\\Sahin\\Desktop\\InventoryMS\\vendor\\laravel\\framework\\src\\Illuminate\\Foundation\\ProviderRepository.php(75): Illuminate\\Foundation\\Application->register('App\\\\Providers\\\\R...')
#5 C:\\Users\\Sahin\\Desktop\\InventoryMS\\vendor\\laravel\\framework\\src\\Illuminate\\Foundation\\Application.php(659): Illuminate\\Foundation\\ProviderRepository->load(Array)
#6 C:\\Users\\Sahin\\Desktop\\InventoryMS\\vendor\\laravel\\framework\\src\\Illuminate\\Foundation\\Bootstrap\\RegisterProviders.php(17): Illuminate\\Foundation\\Application->registerConfiguredProviders()
#7 C:\\Users\\Sahin\\Desktop\\InventoryMS\\vendor\\laravel\\framework\\src\\Illuminate\\Foundation\\Application.php(237): Illuminate\\Foundation\\Bootstrap\\RegisterProviders->bootstrap(Object(Illuminate\\Foundation\\Application))
#8 C:\\Users\\Sahin\\Desktop\\InventoryMS\\vendor\\laravel\\framework\\src\\Illuminate\\Foundation\\Console\\Kernel.php(310): Illuminate\\Foundation\\Application->bootstrapWith(Array)
#9 C:\\Users\\Sahin\\Desktop\\InventoryMS\\vendor\\laravel\\framework\\src\\Illuminate\\Foundation\\Console\\Kernel.php(127): Illuminate\\Foundation\\Console\\Kernel->bootstrap()
#10 Command line code(1): Illuminate\\Foundation\\Console\\Kernel->handle(Object(Symfony\\Component\\Console\\Input\\ArgvInput), Object(Symfony\\Component\\Console\\Output\\ConsoleOutput))
#11 {main}
"} 
